mode: set
github.com/jgiornazi/meshaudit/internal/k8s/client.go:27.55,30.26 1 0
github.com/jgiornazi/meshaudit/internal/k8s/client.go:30.26,31.44 1 0
github.com/jgiornazi/meshaudit/internal/k8s/client.go:31.44,33.4 1 0
github.com/jgiornazi/meshaudit/internal/k8s/client.go:33.9,35.18 2 0
github.com/jgiornazi/meshaudit/internal/k8s/client.go:35.18,37.5 1 0
github.com/jgiornazi/meshaudit/internal/k8s/client.go:38.4,38.43 1 0
github.com/jgiornazi/meshaudit/internal/k8s/client.go:43.2,47.23 4 0
github.com/jgiornazi/meshaudit/internal/k8s/client.go:47.23,49.3 1 0
github.com/jgiornazi/meshaudit/internal/k8s/client.go:51.2,57.16 3 0
github.com/jgiornazi/meshaudit/internal/k8s/client.go:57.16,62.3 1 0
github.com/jgiornazi/meshaudit/internal/k8s/client.go:65.2,67.16 3 0
github.com/jgiornazi/meshaudit/internal/k8s/client.go:67.16,69.24 2 0
github.com/jgiornazi/meshaudit/internal/k8s/client.go:69.24,71.4 1 0
github.com/jgiornazi/meshaudit/internal/k8s/client.go:72.3,72.51 1 0
github.com/jgiornazi/meshaudit/internal/k8s/client.go:72.51,74.4 1 0
github.com/jgiornazi/meshaudit/internal/k8s/client.go:78.2,79.16 2 0
github.com/jgiornazi/meshaudit/internal/k8s/client.go:79.16,81.3 1 0
github.com/jgiornazi/meshaudit/internal/k8s/client.go:84.2,85.16 2 0
github.com/jgiornazi/meshaudit/internal/k8s/client.go:85.16,87.3 1 0
github.com/jgiornazi/meshaudit/internal/k8s/client.go:89.2,93.3 1 0
github.com/jgiornazi/meshaudit/internal/k8s/client.go:98.40,101.2 2 0
github.com/jgiornazi/meshaudit/internal/k8s/lister.go:33.136,34.27 1 1
github.com/jgiornazi/meshaudit/internal/k8s/lister.go:34.27,36.102 1 1
github.com/jgiornazi/meshaudit/internal/k8s/lister.go:36.102,37.34 1 1
github.com/jgiornazi/meshaudit/internal/k8s/lister.go:37.34,39.5 1 0
github.com/jgiornazi/meshaudit/internal/k8s/lister.go:40.4,40.33 1 1
github.com/jgiornazi/meshaudit/internal/k8s/lister.go:40.33,42.5 1 1
github.com/jgiornazi/meshaudit/internal/k8s/lister.go:43.4,43.72 1 1
github.com/jgiornazi/meshaudit/internal/k8s/lister.go:45.3,45.40 1 1
github.com/jgiornazi/meshaudit/internal/k8s/lister.go:48.2,49.16 2 1
github.com/jgiornazi/meshaudit/internal/k8s/lister.go:49.16,50.33 1 1
github.com/jgiornazi/meshaudit/internal/k8s/lister.go:50.33,52.4 1 0
github.com/jgiornazi/meshaudit/internal/k8s/lister.go:53.3,53.53 1 1
github.com/jgiornazi/meshaudit/internal/k8s/lister.go:56.2,57.34 2 1
github.com/jgiornazi/meshaudit/internal/k8s/lister.go:57.34,58.23 1 1
github.com/jgiornazi/meshaudit/internal/k8s/lister.go:58.23,59.12 1 1
github.com/jgiornazi/meshaudit/internal/k8s/lister.go:61.3,61.33 1 1
github.com/jgiornazi/meshaudit/internal/k8s/lister.go:63.2,63.19 1 1
github.com/jgiornazi/meshaudit/internal/k8s/lister.go:68.107,71.32 2 1
github.com/jgiornazi/meshaudit/internal/k8s/lister.go:71.32,73.17 2 1
github.com/jgiornazi/meshaudit/internal/k8s/lister.go:73.17,74.34 1 1
github.com/jgiornazi/meshaudit/internal/k8s/lister.go:74.34,76.5 1 0
github.com/jgiornazi/meshaudit/internal/k8s/lister.go:77.4,77.62 1 1
github.com/jgiornazi/meshaudit/internal/k8s/lister.go:79.3,79.37 1 1
github.com/jgiornazi/meshaudit/internal/k8s/lister.go:79.37,81.4 1 1
github.com/jgiornazi/meshaudit/internal/k8s/lister.go:83.2,83.22 1 1
github.com/jgiornazi/meshaudit/internal/k8s/lister.go:87.48,89.29 2 1
github.com/jgiornazi/meshaudit/internal/k8s/lister.go:89.29,91.3 1 1
github.com/jgiornazi/meshaudit/internal/k8s/lister.go:92.2,93.36 2 1
github.com/jgiornazi/meshaudit/internal/k8s/lister.go:93.36,95.3 1 1
github.com/jgiornazi/meshaudit/internal/k8s/lister.go:96.2,101.3 1 1
github.com/jgiornazi/meshaudit/internal/k8s/lister.go:105.47,107.45 2 1
github.com/jgiornazi/meshaudit/internal/k8s/lister.go:107.45,109.15 2 1
github.com/jgiornazi/meshaudit/internal/k8s/lister.go:109.15,111.4 1 1
github.com/jgiornazi/meshaudit/internal/k8s/lister.go:113.2,113.12 1 1
github.com/jgiornazi/meshaudit/internal/k8s/lister.go:118.44,120.21 2 0
github.com/jgiornazi/meshaudit/internal/k8s/lister.go:120.21,122.3 1 0
github.com/jgiornazi/meshaudit/internal/k8s/lister.go:123.2,142.12 2 0
github.com/jgiornazi/meshaudit/internal/audit/authz.go:38.111,41.32 2 1
github.com/jgiornazi/meshaudit/internal/audit/authz.go:41.32,43.17 2 1
github.com/jgiornazi/meshaudit/internal/audit/authz.go:43.17,44.34 1 1
github.com/jgiornazi/meshaudit/internal/audit/authz.go:44.34,46.5 1 0
github.com/jgiornazi/meshaudit/internal/audit/authz.go:47.4,47.75 1 1
github.com/jgiornazi/meshaudit/internal/audit/authz.go:49.3,49.29 1 1
github.com/jgiornazi/meshaudit/internal/audit/authz.go:49.29,51.4 1 1
github.com/jgiornazi/meshaudit/internal/audit/authz.go:53.2,53.22 1 1
github.com/jgiornazi/meshaudit/internal/audit/authz.go:58.74,64.84 3 1
github.com/jgiornazi/meshaudit/internal/audit/authz.go:64.84,73.3 1 1
github.com/jgiornazi/meshaudit/internal/audit/authz.go:76.2,76.37 1 1
github.com/jgiornazi/meshaudit/internal/audit/authz.go:76.37,78.26 1 1
github.com/jgiornazi/meshaudit/internal/audit/authz.go:78.26,87.12 2 1
github.com/jgiornazi/meshaudit/internal/audit/authz.go:90.3,90.34 1 1
github.com/jgiornazi/meshaudit/internal/audit/authz.go:90.34,91.26 1 1
github.com/jgiornazi/meshaudit/internal/audit/authz.go:91.26,92.13 1 1
github.com/jgiornazi/meshaudit/internal/audit/authz.go:96.4,96.45 1 1
github.com/jgiornazi/meshaudit/internal/audit/authz.go:96.45,97.17 1 1
github.com/jgiornazi/meshaudit/internal/audit/authz.go:97.17,106.6 1 1
github.com/jgiornazi/meshaudit/internal/audit/authz.go:111.3,111.30 1 1
github.com/jgiornazi/meshaudit/internal/audit/authz.go:111.30,112.27 1 1
github.com/jgiornazi/meshaudit/internal/audit/authz.go:112.27,113.13 1 1
github.com/jgiornazi/meshaudit/internal/audit/authz.go:115.4,117.44 3 1
github.com/jgiornazi/meshaudit/internal/audit/authz.go:117.44,119.37 1 1
github.com/jgiornazi/meshaudit/internal/audit/authz.go:119.37,129.6 2 1
github.com/jgiornazi/meshaudit/internal/audit/authz.go:135.2,135.24 1 1
github.com/jgiornazi/meshaudit/internal/audit/authz.go:135.24,143.3 1 1
github.com/jgiornazi/meshaudit/internal/audit/authz.go:144.2,144.17 1 1
github.com/jgiornazi/meshaudit/internal/audit/authz.go:150.79,152.34 2 1
github.com/jgiornazi/meshaudit/internal/audit/authz.go:152.34,154.3 1 1
github.com/jgiornazi/meshaudit/internal/audit/authz.go:157.2,158.24 2 1
github.com/jgiornazi/meshaudit/internal/audit/authz.go:158.24,160.3 1 1
github.com/jgiornazi/meshaudit/internal/audit/authz.go:161.2,162.19 2 1
github.com/jgiornazi/meshaudit/internal/audit/authz.go:162.19,164.3 1 1
github.com/jgiornazi/meshaudit/internal/audit/authz.go:165.2,165.11 1 1
github.com/jgiornazi/meshaudit/internal/audit/authz.go:169.43,170.25 1 1
github.com/jgiornazi/meshaudit/internal/audit/authz.go:170.25,171.28 1 1
github.com/jgiornazi/meshaudit/internal/audit/authz.go:171.28,173.4 1 1
github.com/jgiornazi/meshaudit/internal/audit/authz.go:175.2,175.14 1 1
github.com/jgiornazi/meshaudit/internal/audit/authz.go:180.55,181.25 1 1
github.com/jgiornazi/meshaudit/internal/audit/authz.go:181.25,183.3 1 1
github.com/jgiornazi/meshaudit/internal/audit/authz.go:184.2,184.33 1 1
github.com/jgiornazi/meshaudit/internal/audit/authz.go:184.33,185.25 1 1
github.com/jgiornazi/meshaudit/internal/audit/authz.go:185.25,187.4 1 1
github.com/jgiornazi/meshaudit/internal/audit/authz.go:188.3,188.44 1 1
github.com/jgiornazi/meshaudit/internal/audit/authz.go:188.44,189.16 1 1
github.com/jgiornazi/meshaudit/internal/audit/authz.go:189.16,191.5 1 1
github.com/jgiornazi/meshaudit/internal/audit/authz.go:194.2,194.14 1 1
github.com/jgiornazi/meshaudit/internal/audit/authz.go:199.50,201.12 2 1
github.com/jgiornazi/meshaudit/internal/audit/authz.go:201.12,203.3 1 1
github.com/jgiornazi/meshaudit/internal/audit/authz.go:204.2,204.10 1 1
github.com/jgiornazi/meshaudit/internal/audit/authz.go:204.10,206.3 1 1
github.com/jgiornazi/meshaudit/internal/audit/authz.go:207.2,207.37 1 1
github.com/jgiornazi/meshaudit/internal/audit/authz.go:211.39,219.2 2 0
github.com/jgiornazi/meshaudit/internal/audit/mtls.go:51.112,54.16 2 1
github.com/jgiornazi/meshaudit/internal/audit/mtls.go:54.16,56.3 1 1
github.com/jgiornazi/meshaudit/internal/audit/mtls.go:58.2,61.31 3 1
github.com/jgiornazi/meshaudit/internal/audit/mtls.go:61.31,69.3 2 1
github.com/jgiornazi/meshaudit/internal/audit/mtls.go:70.2,70.22 1 1
github.com/jgiornazi/meshaudit/internal/audit/mtls.go:75.75,81.27 2 1
github.com/jgiornazi/meshaudit/internal/audit/mtls.go:81.27,84.18 2 1
github.com/jgiornazi/meshaudit/internal/audit/mtls.go:84.18,87.12 3 1
github.com/jgiornazi/meshaudit/internal/audit/mtls.go:91.3,91.37 1 1
github.com/jgiornazi/meshaudit/internal/audit/mtls.go:91.37,93.29 1 1
github.com/jgiornazi/meshaudit/internal/audit/mtls.go:93.29,95.5 1 1
github.com/jgiornazi/meshaudit/internal/audit/mtls.go:96.9,98.67 1 1
github.com/jgiornazi/meshaudit/internal/audit/mtls.go:98.67,100.5 1 1
github.com/jgiornazi/meshaudit/internal/audit/mtls.go:103.2,103.14 1 1
github.com/jgiornazi/meshaudit/internal/audit/mtls.go:108.53,112.55 1 1
github.com/jgiornazi/meshaudit/internal/audit/mtls.go:112.55,113.65 1 1
github.com/jgiornazi/meshaudit/internal/audit/mtls.go:113.65,114.39 1 1
github.com/jgiornazi/meshaudit/internal/audit/mtls.go:114.39,116.5 1 1
github.com/jgiornazi/meshaudit/internal/audit/mtls.go:121.2,121.54 1 1
github.com/jgiornazi/meshaudit/internal/audit/mtls.go:121.54,122.38 1 1
github.com/jgiornazi/meshaudit/internal/audit/mtls.go:122.38,124.4 1 1
github.com/jgiornazi/meshaudit/internal/audit/mtls.go:128.2,128.23 1 1
github.com/jgiornazi/meshaudit/internal/audit/mtls.go:128.23,129.46 1 1
github.com/jgiornazi/meshaudit/internal/audit/mtls.go:129.46,131.4 1 1
github.com/jgiornazi/meshaudit/internal/audit/mtls.go:136.2,136.23 1 1
github.com/jgiornazi/meshaudit/internal/audit/mtls.go:143.78,144.25 1 1
github.com/jgiornazi/meshaudit/internal/audit/mtls.go:144.25,146.3 1 1
github.com/jgiornazi/meshaudit/internal/audit/mtls.go:147.2,147.27 1 1
github.com/jgiornazi/meshaudit/internal/audit/mtls.go:148.52,149.26 1 1
github.com/jgiornazi/meshaudit/internal/audit/mtls.go:150.56,151.30 1 1
github.com/jgiornazi/meshaudit/internal/audit/mtls.go:152.53,153.28 1 1
github.com/jgiornazi/meshaudit/internal/audit/mtls.go:154.10,155.19 1 1
github.com/jgiornazi/meshaudit/internal/audit/mtls.go:162.59,163.29 1 1
github.com/jgiornazi/meshaudit/internal/audit/mtls.go:163.29,164.21 1 1
github.com/jgiornazi/meshaudit/internal/audit/mtls.go:164.21,166.4 1 1
github.com/jgiornazi/meshaudit/internal/audit/mtls.go:168.2,168.13 1 1
github.com/jgiornazi/meshaudit/internal/audit/mtls.go:172.41,173.14 1 1
github.com/jgiornazi/meshaudit/internal/audit/mtls.go:174.22,175.88 1 1
github.com/jgiornazi/meshaudit/internal/audit/mtls.go:176.20,177.78 1 1
github.com/jgiornazi/meshaudit/internal/audit/mtls.go:178.10,179.12 1 1
github.com/jgiornazi/meshaudit/internal/audit/score.go:22.68,25.25 2 1
github.com/jgiornazi/meshaudit/internal/audit/score.go:25.25,26.17 1 1
github.com/jgiornazi/meshaudit/internal/audit/score.go:27.21,28.15 1 1
github.com/jgiornazi/meshaudit/internal/audit/score.go:29.23,30.15 1 1
github.com/jgiornazi/meshaudit/internal/audit/score.go:34.2,34.26 1 1
github.com/jgiornazi/meshaudit/internal/audit/score.go:34.26,35.21 1 1
github.com/jgiornazi/meshaudit/internal/audit/score.go:36.21,37.14 1 1
github.com/jgiornazi/meshaudit/internal/audit/score.go:38.21,39.15 1 1
github.com/jgiornazi/meshaudit/internal/audit/score.go:43.2,43.15 1 1
github.com/jgiornazi/meshaudit/internal/audit/score.go:43.15,45.3 1 1
github.com/jgiornazi/meshaudit/internal/audit/score.go:47.2,47.53 1 1
github.com/jgiornazi/meshaudit/internal/audit/score.go:51.79,52.25 1 1
github.com/jgiornazi/meshaudit/internal/audit/score.go:52.25,53.17 1 1
github.com/jgiornazi/meshaudit/internal/audit/score.go:54.19,55.10 1 1
github.com/jgiornazi/meshaudit/internal/audit/score.go:56.23,57.10 1 1
github.com/jgiornazi/meshaudit/internal/audit/score.go:58.21,59.10 1 1
github.com/jgiornazi/meshaudit/internal/audit/score.go:62.2,62.26 1 1
github.com/jgiornazi/meshaudit/internal/audit/score.go:62.26,63.21 1 1
github.com/jgiornazi/meshaudit/internal/audit/score.go:64.21,65.10 1 1
github.com/jgiornazi/meshaudit/internal/audit/score.go:66.21,67.10 1 1
github.com/jgiornazi/meshaudit/internal/audit/score.go:68.21,69.10 1 1
github.com/jgiornazi/meshaudit/internal/audit/score.go:72.2,72.8 1 1
github.com/jgiornazi/meshaudit/internal/audit/score.go:75.32,76.9 1 1
github.com/jgiornazi/meshaudit/internal/audit/score.go:77.19,78.18 1 1
github.com/jgiornazi/meshaudit/internal/audit/score.go:79.19,80.18 1 1
github.com/jgiornazi/meshaudit/internal/audit/score.go:81.10,82.18 1 1
github.com/jgiornazi/meshaudit/cmd/root.go:25.16,26.42 1 0
github.com/jgiornazi/meshaudit/cmd/root.go:26.42,27.34 1 0
github.com/jgiornazi/meshaudit/cmd/root.go:27.34,29.4 1 0
github.com/jgiornazi/meshaudit/cmd/root.go:30.3,30.13 1 0
github.com/jgiornazi/meshaudit/cmd/root.go:34.13,43.2 7 1
github.com/jgiornazi/meshaudit/cmd/scan.go:27.13,30.2 2 1
github.com/jgiornazi/meshaudit/cmd/scan.go:32.82,33.38 1 1
github.com/jgiornazi/meshaudit/cmd/scan.go:33.38,35.3 1 1
github.com/jgiornazi/meshaudit/cmd/scan.go:36.2,36.42 1 1
github.com/jgiornazi/meshaudit/cmd/scan.go:36.42,38.3 1 1
github.com/jgiornazi/meshaudit/cmd/scan.go:39.2,39.12 1 1
github.com/jgiornazi/meshaudit/cmd/scan.go:42.55,43.16 1 1
github.com/jgiornazi/meshaudit/cmd/scan.go:44.24,44.24 0 0
github.com/jgiornazi/meshaudit/cmd/scan.go:46.10,47.88 1 1
github.com/jgiornazi/meshaudit/cmd/scan.go:50.2,56.16 5 0
github.com/jgiornazi/meshaudit/cmd/scan.go:56.16,58.3 1 0
github.com/jgiornazi/meshaudit/cmd/scan.go:60.2,61.16 2 0
github.com/jgiornazi/meshaudit/cmd/scan.go:61.16,63.3 1 0
github.com/jgiornazi/meshaudit/cmd/scan.go:65.2,66.16 2 0
github.com/jgiornazi/meshaudit/cmd/scan.go:66.16,68.3 1 0
github.com/jgiornazi/meshaudit/cmd/scan.go:70.2,71.16 2 0
github.com/jgiornazi/meshaudit/cmd/scan.go:71.16,73.3 1 0
github.com/jgiornazi/meshaudit/cmd/scan.go:75.2,78.22 3 0
github.com/jgiornazi/meshaudit/cmd/scan.go:78.22,80.48 2 0
github.com/jgiornazi/meshaudit/cmd/scan.go:80.48,82.4 1 0
github.com/jgiornazi/meshaudit/cmd/scan.go:83.8,88.3 4 0
github.com/jgiornazi/meshaudit/cmd/scan.go:91.2,94.72 3 0
github.com/jgiornazi/meshaudit/cmd/version.go:15.47,17.3 1 0
github.com/jgiornazi/meshaudit/main.go:5.13,7.2 1 0
github.com/jgiornazi/meshaudit/internal/report/json.go:40.106,46.25 4 1
github.com/jgiornazi/meshaudit/internal/report/json.go:46.25,56.3 2 1
github.com/jgiornazi/meshaudit/internal/report/json.go:58.2,58.26 1 1
github.com/jgiornazi/meshaudit/internal/report/json.go:58.26,67.3 1 1
github.com/jgiornazi/meshaudit/internal/report/json.go:69.2,77.3 1 1
github.com/jgiornazi/meshaudit/internal/report/json.go:81.45,85.2 3 1
github.com/jgiornazi/meshaudit/internal/report/json.go:88.72,89.16 1 1
github.com/jgiornazi/meshaudit/internal/report/json.go:90.24,91.51 1 1
github.com/jgiornazi/meshaudit/internal/report/json.go:92.28,93.55 1 1
github.com/jgiornazi/meshaudit/internal/report/json.go:94.26,95.53 1 1
github.com/jgiornazi/meshaudit/internal/report/json.go:96.10,97.32 1 1
github.com/jgiornazi/meshaudit/internal/report/pretty.go:24.67,29.2 4 1
github.com/jgiornazi/meshaudit/internal/report/pretty.go:32.59,35.29 2 1
github.com/jgiornazi/meshaudit/internal/report/pretty.go:35.29,42.27 3 1
github.com/jgiornazi/meshaudit/internal/report/pretty.go:42.27,44.4 1 1
github.com/jgiornazi/meshaudit/internal/report/pretty.go:49.61,52.29 2 1
github.com/jgiornazi/meshaudit/internal/report/pretty.go:52.29,55.22 3 1
github.com/jgiornazi/meshaudit/internal/report/pretty.go:55.22,57.4 1 0
github.com/jgiornazi/meshaudit/internal/report/pretty.go:58.3,63.27 2 1
github.com/jgiornazi/meshaudit/internal/report/pretty.go:63.27,65.4 1 0
github.com/jgiornazi/meshaudit/internal/report/pretty.go:71.86,87.2 8 1
github.com/jgiornazi/meshaudit/internal/report/pretty.go:90.81,91.14 1 1
github.com/jgiornazi/meshaudit/internal/report/pretty.go:92.24,93.51 1 1
github.com/jgiornazi/meshaudit/internal/report/pretty.go:94.28,95.88 1 1
github.com/jgiornazi/meshaudit/internal/report/pretty.go:96.26,97.63 1 1
github.com/jgiornazi/meshaudit/internal/report/pretty.go:98.10,99.44 1 1
github.com/jgiornazi/meshaudit/internal/report/pretty.go:104.75,105.13 1 1
github.com/jgiornazi/meshaudit/internal/report/pretty.go:106.26,107.32 1 1
github.com/jgiornazi/meshaudit/internal/report/pretty.go:108.26,109.38 1 1
github.com/jgiornazi/meshaudit/internal/report/pretty.go:110.10,111.36 1 1
github.com/jgiornazi/meshaudit/internal/report/pretty.go:115.41,116.9 1 1
github.com/jgiornazi/meshaudit/internal/report/pretty.go:117.19,118.15 1 1
github.com/jgiornazi/meshaudit/internal/report/pretty.go:119.19,120.16 1 1
github.com/jgiornazi/meshaudit/internal/report/pretty.go:121.10,122.13 1 1
github.com/jgiornazi/meshaudit/internal/report/pretty.go:127.39,128.14 1 0
github.com/jgiornazi/meshaudit/internal/report/pretty.go:128.14,130.3 1 0
github.com/jgiornazi/meshaudit/internal/report/pretty.go:131.2,131.11 1 0
