mode: set
github.com/jgiornazi/meshaudit/internal/audit/authz.go:37.111,40.32 2 1
github.com/jgiornazi/meshaudit/internal/audit/authz.go:40.32,42.17 2 1
github.com/jgiornazi/meshaudit/internal/audit/authz.go:42.17,43.34 1 1
github.com/jgiornazi/meshaudit/internal/audit/authz.go:43.34,45.5 1 0
github.com/jgiornazi/meshaudit/internal/audit/authz.go:46.4,46.75 1 1
github.com/jgiornazi/meshaudit/internal/audit/authz.go:48.3,48.29 1 1
github.com/jgiornazi/meshaudit/internal/audit/authz.go:48.29,50.4 1 1
github.com/jgiornazi/meshaudit/internal/audit/authz.go:52.2,52.22 1 1
github.com/jgiornazi/meshaudit/internal/audit/authz.go:57.74,63.84 3 1
github.com/jgiornazi/meshaudit/internal/audit/authz.go:63.84,72.3 1 1
github.com/jgiornazi/meshaudit/internal/audit/authz.go:75.2,75.37 1 1
github.com/jgiornazi/meshaudit/internal/audit/authz.go:75.37,77.26 1 1
github.com/jgiornazi/meshaudit/internal/audit/authz.go:77.26,86.12 2 1
github.com/jgiornazi/meshaudit/internal/audit/authz.go:89.3,89.34 1 1
github.com/jgiornazi/meshaudit/internal/audit/authz.go:89.34,90.26 1 1
github.com/jgiornazi/meshaudit/internal/audit/authz.go:90.26,91.13 1 1
github.com/jgiornazi/meshaudit/internal/audit/authz.go:95.4,95.45 1 1
github.com/jgiornazi/meshaudit/internal/audit/authz.go:95.45,96.17 1 1
github.com/jgiornazi/meshaudit/internal/audit/authz.go:96.17,105.6 1 1
github.com/jgiornazi/meshaudit/internal/audit/authz.go:110.3,110.30 1 1
github.com/jgiornazi/meshaudit/internal/audit/authz.go:110.30,111.27 1 1
github.com/jgiornazi/meshaudit/internal/audit/authz.go:111.27,112.13 1 1
github.com/jgiornazi/meshaudit/internal/audit/authz.go:114.4,116.44 3 1
github.com/jgiornazi/meshaudit/internal/audit/authz.go:116.44,118.37 1 1
github.com/jgiornazi/meshaudit/internal/audit/authz.go:118.37,128.6 2 1
github.com/jgiornazi/meshaudit/internal/audit/authz.go:134.2,134.24 1 1
github.com/jgiornazi/meshaudit/internal/audit/authz.go:134.24,142.3 1 1
github.com/jgiornazi/meshaudit/internal/audit/authz.go:143.2,143.17 1 1
github.com/jgiornazi/meshaudit/internal/audit/authz.go:149.79,151.34 2 1
github.com/jgiornazi/meshaudit/internal/audit/authz.go:151.34,153.3 1 1
github.com/jgiornazi/meshaudit/internal/audit/authz.go:156.2,157.27 2 1
github.com/jgiornazi/meshaudit/internal/audit/authz.go:157.27,159.8 2 1
github.com/jgiornazi/meshaudit/internal/audit/authz.go:161.2,161.15 1 1
github.com/jgiornazi/meshaudit/internal/audit/authz.go:165.43,166.25 1 1
github.com/jgiornazi/meshaudit/internal/audit/authz.go:166.25,167.28 1 1
github.com/jgiornazi/meshaudit/internal/audit/authz.go:167.28,169.4 1 1
github.com/jgiornazi/meshaudit/internal/audit/authz.go:171.2,171.14 1 1
github.com/jgiornazi/meshaudit/internal/audit/authz.go:176.55,177.25 1 1
github.com/jgiornazi/meshaudit/internal/audit/authz.go:177.25,179.3 1 1
github.com/jgiornazi/meshaudit/internal/audit/authz.go:180.2,180.33 1 1
github.com/jgiornazi/meshaudit/internal/audit/authz.go:180.33,181.25 1 1
github.com/jgiornazi/meshaudit/internal/audit/authz.go:181.25,183.4 1 1
github.com/jgiornazi/meshaudit/internal/audit/authz.go:184.3,184.44 1 1
github.com/jgiornazi/meshaudit/internal/audit/authz.go:184.44,185.16 1 1
github.com/jgiornazi/meshaudit/internal/audit/authz.go:185.16,187.5 1 1
github.com/jgiornazi/meshaudit/internal/audit/authz.go:190.2,190.14 1 1
github.com/jgiornazi/meshaudit/internal/audit/authz.go:195.50,197.12 2 1
github.com/jgiornazi/meshaudit/internal/audit/authz.go:197.12,199.3 1 1
github.com/jgiornazi/meshaudit/internal/audit/authz.go:200.2,200.10 1 1
github.com/jgiornazi/meshaudit/internal/audit/authz.go:200.10,202.3 1 1
github.com/jgiornazi/meshaudit/internal/audit/authz.go:203.2,203.37 1 1
github.com/jgiornazi/meshaudit/internal/audit/authz.go:207.39,215.2 2 0
github.com/jgiornazi/meshaudit/internal/audit/mtls.go:51.112,54.16 2 1
github.com/jgiornazi/meshaudit/internal/audit/mtls.go:54.16,56.3 1 1
github.com/jgiornazi/meshaudit/internal/audit/mtls.go:58.2,61.31 3 1
github.com/jgiornazi/meshaudit/internal/audit/mtls.go:61.31,69.3 2 1
github.com/jgiornazi/meshaudit/internal/audit/mtls.go:70.2,70.22 1 1
github.com/jgiornazi/meshaudit/internal/audit/mtls.go:75.75,81.27 2 1
github.com/jgiornazi/meshaudit/internal/audit/mtls.go:81.27,84.18 2 1
github.com/jgiornazi/meshaudit/internal/audit/mtls.go:84.18,87.12 3 1
github.com/jgiornazi/meshaudit/internal/audit/mtls.go:91.3,91.37 1 1
github.com/jgiornazi/meshaudit/internal/audit/mtls.go:91.37,93.29 1 1
github.com/jgiornazi/meshaudit/internal/audit/mtls.go:93.29,95.5 1 1
github.com/jgiornazi/meshaudit/internal/audit/mtls.go:96.9,98.67 1 1
github.com/jgiornazi/meshaudit/internal/audit/mtls.go:98.67,100.5 1 1
github.com/jgiornazi/meshaudit/internal/audit/mtls.go:103.2,103.14 1 1
github.com/jgiornazi/meshaudit/internal/audit/mtls.go:108.53,111.55 1 1
github.com/jgiornazi/meshaudit/internal/audit/mtls.go:111.55,112.60 1 1
github.com/jgiornazi/meshaudit/internal/audit/mtls.go:112.60,113.39 1 1
github.com/jgiornazi/meshaudit/internal/audit/mtls.go:113.39,115.5 1 1
github.com/jgiornazi/meshaudit/internal/audit/mtls.go:120.2,120.54 1 1
github.com/jgiornazi/meshaudit/internal/audit/mtls.go:120.54,121.38 1 1
github.com/jgiornazi/meshaudit/internal/audit/mtls.go:121.38,123.4 1 1
github.com/jgiornazi/meshaudit/internal/audit/mtls.go:127.2,127.23 1 1
github.com/jgiornazi/meshaudit/internal/audit/mtls.go:127.23,128.46 1 1
github.com/jgiornazi/meshaudit/internal/audit/mtls.go:128.46,130.4 1 1
github.com/jgiornazi/meshaudit/internal/audit/mtls.go:135.2,135.23 1 1
github.com/jgiornazi/meshaudit/internal/audit/mtls.go:142.78,143.25 1 1
github.com/jgiornazi/meshaudit/internal/audit/mtls.go:143.25,145.3 1 1
github.com/jgiornazi/meshaudit/internal/audit/mtls.go:146.2,146.27 1 1
github.com/jgiornazi/meshaudit/internal/audit/mtls.go:147.52,148.26 1 1
github.com/jgiornazi/meshaudit/internal/audit/mtls.go:149.56,150.30 1 1
github.com/jgiornazi/meshaudit/internal/audit/mtls.go:151.53,152.28 1 1
github.com/jgiornazi/meshaudit/internal/audit/mtls.go:153.10,154.19 1 1
github.com/jgiornazi/meshaudit/internal/audit/mtls.go:161.59,162.29 1 1
github.com/jgiornazi/meshaudit/internal/audit/mtls.go:162.29,163.21 1 1
github.com/jgiornazi/meshaudit/internal/audit/mtls.go:163.21,165.4 1 1
github.com/jgiornazi/meshaudit/internal/audit/mtls.go:167.2,167.13 1 1
github.com/jgiornazi/meshaudit/internal/audit/mtls.go:171.41,172.14 1 1
github.com/jgiornazi/meshaudit/internal/audit/mtls.go:173.22,174.88 1 1
github.com/jgiornazi/meshaudit/internal/audit/mtls.go:175.20,176.78 1 1
github.com/jgiornazi/meshaudit/internal/audit/mtls.go:177.10,178.12 1 1
github.com/jgiornazi/meshaudit/internal/audit/score.go:22.68,25.25 2 1
github.com/jgiornazi/meshaudit/internal/audit/score.go:25.25,26.17 1 1
github.com/jgiornazi/meshaudit/internal/audit/score.go:27.21,28.15 1 1
github.com/jgiornazi/meshaudit/internal/audit/score.go:29.23,30.15 1 1
github.com/jgiornazi/meshaudit/internal/audit/score.go:34.2,34.26 1 1
github.com/jgiornazi/meshaudit/internal/audit/score.go:34.26,35.21 1 1
github.com/jgiornazi/meshaudit/internal/audit/score.go:36.21,37.14 1 1
github.com/jgiornazi/meshaudit/internal/audit/score.go:38.21,39.15 1 1
github.com/jgiornazi/meshaudit/internal/audit/score.go:43.2,43.15 1 1
github.com/jgiornazi/meshaudit/internal/audit/score.go:43.15,45.3 1 1
github.com/jgiornazi/meshaudit/internal/audit/score.go:47.2,47.53 1 1
github.com/jgiornazi/meshaudit/internal/audit/score.go:51.79,52.25 1 1
github.com/jgiornazi/meshaudit/internal/audit/score.go:52.25,53.17 1 1
github.com/jgiornazi/meshaudit/internal/audit/score.go:54.19,55.10 1 1
github.com/jgiornazi/meshaudit/internal/audit/score.go:56.23,57.10 1 1
github.com/jgiornazi/meshaudit/internal/audit/score.go:58.21,59.10 1 1
github.com/jgiornazi/meshaudit/internal/audit/score.go:62.2,62.26 1 1
github.com/jgiornazi/meshaudit/internal/audit/score.go:62.26,63.21 1 1
github.com/jgiornazi/meshaudit/internal/audit/score.go:64.21,65.10 1 1
github.com/jgiornazi/meshaudit/internal/audit/score.go:66.21,67.10 1 1
github.com/jgiornazi/meshaudit/internal/audit/score.go:68.21,69.10 1 1
github.com/jgiornazi/meshaudit/internal/audit/score.go:72.2,72.8 1 1
github.com/jgiornazi/meshaudit/internal/audit/score.go:75.32,76.9 1 1
github.com/jgiornazi/meshaudit/internal/audit/score.go:77.19,78.18 1 1
github.com/jgiornazi/meshaudit/internal/audit/score.go:79.19,80.18 1 1
github.com/jgiornazi/meshaudit/internal/audit/score.go:81.10,82.18 1 1
